<?xml version="1.0" encoding="UTF-8"?>
<!-- Generated by org.testng.reporters.JUnitReportReporter -->
<testsuite hostname="EIS0200" failures="0" tests="2" name="Azza_Rest.NewTest" time="7.793" errors="0" timestamp="2022-03-05T11:11:49 EET" skipped="0">
  <testcase classname="Azza_Rest.NewTest" name="postMethod" time="2.342"/>
  <system-out/>
  <testcase classname="Azza_Rest.NewTest" name="getMethod" time="5.451"/>
  <system-out/>
</testsuite> <!-- Azza_Rest.NewTest -->
